# JRE version: OpenJDK Runtime Environment (8.0_242-b01) (build 1.8.0_242-release-1644-b01)
# Java VM: OpenJDK 64-Bit Server VM (25.242-b01 mixed mode windows-amd64 compressed oops)
Heap:
 PSYoungGen      total 505344K, used 102159K [0x00000000d5580000, 0x00000000f7400000, 0x0000000100000000)
  eden space 462336K, 17% used [0x00000000d5580000,0x00000000da3160d0,0x00000000f1900000)
  from space 43008K, 52% used [0x00000000f1900000,0x00000000f2f2de80,0x00000000f4300000)
  to   space 40960K, 0% used [0x00000000f4300000,0x00000000f4300000,0x00000000f6b00000)
 ParOldGen       total 176128K, used 71330K [0x0000000080000000, 0x000000008ac00000, 0x00000000d5580000)
  object space 176128K, 40% used [0x0000000080000000,0x00000000845a88c0,0x000000008ac00000)
 Metaspace       used 78318K, capacity 82562K, committed 82600K, reserved 1120256K
  class space    used 10607K, capacity 11395K, committed 11432K, reserved 1048576K
GC Heap History (10 events):
Event: 19.891 GC heap before
{Heap before GC invocations=16 (full 3):
 PSYoungGen      total 421888K, used 407389K [0x00000000d5580000, 0x00000000f2380000, 0x0000000100000000)
  eden space 384000K, 100% used [0x00000000d5580000,0x00000000ecc80000,0x00000000ecc80000)
  from space 37888K, 61% used [0x00000000ef200000,0x00000000f08d76c0,0x00000000f1700000)
  to   space 38400K, 0% used [0x00000000ecc80000,0x00000000ecc80000,0x00000000ef200000)
 ParOldGen       total 176128K, used 71306K [0x0000000080000000, 0x000000008ac00000, 0x00000000d5580000)
  object space 176128K, 40% used [0x0000000080000000,0x00000000845a28c0,0x000000008ac00000)
 Metaspace       used 77781K, capacity 82006K, committed 82088K, reserved 1120256K
  class space    used 10589K, capacity 11383K, committed 11432K, reserved 1048576K
Event: 19.928 GC heap after
Heap after GC invocations=16 (full 3):
 PSYoungGen      total 422400K, used 29369K [0x00000000d5580000, 0x00000000f6b00000, 0x0000000100000000)
  eden space 384000K, 0% used [0x00000000d5580000,0x00000000d5580000,0x00000000ecc80000)
  from space 38400K, 76% used [0x00000000ecc80000,0x00000000ee92e628,0x00000000ef200000)
  to   space 40960K, 0% used [0x00000000f4300000,0x00000000f4300000,0x00000000f6b00000)
 ParOldGen       total 176128K, used 71314K [0x0000000080000000, 0x000000008ac00000, 0x00000000d5580000)
  object space 176128K, 40% used [0x0000000080000000,0x00000000845a48c0,0x000000008ac00000)
 Metaspace       used 77781K, capacity 82006K, committed 82088K, reserved 1120256K
  class space    used 10589K, capacity 11383K, committed 11432K, reserved 1048576K
}
Event: 20.820 GC heap before
{Heap before GC invocations=17 (full 3):
 PSYoungGen      total 422400K, used 413369K [0x00000000d5580000, 0x00000000f6b00000, 0x0000000100000000)
  eden space 384000K, 100% used [0x00000000d5580000,0x00000000ecc80000,0x00000000ecc80000)
  from space 38400K, 76% used [0x00000000ecc80000,0x00000000ee92e628,0x00000000ef200000)
  to   space 40960K, 0% used [0x00000000f4300000,0x00000000f4300000,0x00000000f6b00000)
 ParOldGen       total 176128K, used 71314K [0x0000000080000000, 0x000000008ac00000, 0x00000000d5580000)
  object space 176128K, 40% used [0x0000000080000000,0x00000000845a48c0,0x000000008ac00000)
 Metaspace       used 77941K, capacity 82190K, committed 82344K, reserved 1120256K
  class space    used 10603K, capacity 11391K, committed 11432K, reserved 1048576K
Event: 20.858 GC heap after
Heap after GC invocations=17 (full 3):
 PSYoungGen      total 503296K, used 29655K [0x00000000d5580000, 0x00000000f7400000, 0x0000000100000000)
  eden space 462336K, 0% used [0x00000000d5580000,0x00000000d5580000,0x00000000f1900000)
  from space 40960K, 72% used [0x00000000f4300000,0x00000000f5ff5d88,0x00000000f6b00000)
  to   space 43008K, 0% used [0x00000000f1900000,0x00000000f1900000,0x00000000f4300000)
 ParOldGen       total 176128K, used 71314K [0x0000000080000000, 0x000000008ac00000, 0x00000000d5580000)
  object space 176128K, 40% used [0x0000000080000000,0x00000000845a48c0,0x000000008ac00000)
 Metaspace       used 77941K, capacity 82190K, committed 82344K, reserved 1120256K
  class space    used 10603K, capacity 11391K, committed 11432K, reserved 1048576K
}
Event: 21.892 GC heap before
{Heap before GC invocations=18 (full 3):
 PSYoungGen      total 503296K, used 491991K [0x00000000d5580000, 0x00000000f7400000, 0x0000000100000000)
  eden space 462336K, 100% used [0x00000000d5580000,0x00000000f1900000,0x00000000f1900000)
  from space 40960K, 72% used [0x00000000f4300000,0x00000000f5ff5d88,0x00000000f6b00000)
  to   space 43008K, 0% used [0x00000000f1900000,0x00000000f1900000,0x00000000f4300000)
 ParOldGen       total 176128K, used 71314K [0x0000000080000000, 0x000000008ac00000, 0x00000000d5580000)
  object space 176128K, 40% used [0x0000000080000000,0x00000000845a48c0,0x000000008ac00000)
 Metaspace       used 77995K, capacity 82276K, committed 82344K, reserved 1120256K
  class space    used 10606K, capacity 11394K, committed 11432K, reserved 1048576K
Event: 21.936 GC heap after
Heap after GC invocations=18 (full 3):
 PSYoungGen      total 505344K, used 31064K [0x00000000d5580000, 0x00000000f7400000, 0x0000000100000000)
  eden space 462336K, 0% used [0x00000000d5580000,0x00000000d5580000,0x00000000f1900000)
  from space 43008K, 72% used [0x00000000f1900000,0x00000000f3756300,0x00000000f4300000)
  to   space 40960K, 0% used [0x00000000f4300000,0x00000000f4300000,0x00000000f6b00000)
 ParOldGen       total 176128K, used 71322K [0x0000000080000000, 0x000000008ac00000, 0x00000000d5580000)
  object space 176128K, 40% used [0x0000000080000000,0x00000000845a68c0,0x000000008ac00000)
 Metaspace       used 77995K, capacity 82276K, committed 82344K, reserved 1120256K
  class space    used 10606K, capacity 11394K, committed 11432K, reserved 1048576K
}
Event: 23.064 GC heap before
{Heap before GC invocations=19 (full 3):
 PSYoungGen      total 505344K, used 493400K [0x00000000d5580000, 0x00000000f7400000, 0x0000000100000000)
  eden space 462336K, 100% used [0x00000000d5580000,0x00000000f1900000,0x00000000f1900000)
  from space 43008K, 72% used [0x00000000f1900000,0x00000000f3756300,0x00000000f4300000)
  to   space 40960K, 0% used [0x00000000f4300000,0x00000000f4300000,0x00000000f6b00000)
 ParOldGen       total 176128K, used 71322K [0x0000000080000000, 0x000000008ac00000, 0x00000000d5580000)
  object space 176128K, 40% used [0x0000000080000000,0x00000000845a68c0,0x000000008ac00000)
 Metaspace       used 78170K, capacity 82488K, committed 82600K, reserved 1120256K
  class space    used 10606K, capacity 11394K, committed 11432K, reserved 1048576K
Event: 23.105 GC heap after
Heap after GC invocations=19 (full 3):
 PSYoungGen      total 503296K, used 28658K [0x00000000d5580000, 0x00000000f7400000, 0x0000000100000000)
  eden space 462336K, 0% used [0x00000000d5580000,0x00000000d5580000,0x00000000f1900000)
  from space 40960K, 69% used [0x00000000f4300000,0x00000000f5efc8e8,0x00000000f6b00000)
  to   space 43008K, 0% used [0x00000000f1900000,0x00000000f1900000,0x00000000f4300000)
 ParOldGen       total 176128K, used 71322K [0x0000000080000000, 0x000000008ac00000, 0x00000000d5580000)
  object space 176128K, 40% used [0x0000000080000000,0x00000000845a68c0,0x000000008ac00000)
 Metaspace       used 78170K, capacity 82488K, committed 82600K, reserved 1120256K
  class space    used 10606K, capacity 11394K, committed 11432K, reserved 1048576K
}
Event: 25.206 GC heap before
{Heap before GC invocations=20 (full 3):
 PSYoungGen      total 503296K, used 490994K [0x00000000d5580000, 0x00000000f7400000, 0x0000000100000000)
  eden space 462336K, 100% used [0x00000000d5580000,0x00000000f1900000,0x00000000f1900000)
  from space 40960K, 69% used [0x00000000f4300000,0x00000000f5efc8e8,0x00000000f6b00000)
  to   space 43008K, 0% used [0x00000000f1900000,0x00000000f1900000,0x00000000f4300000)
 ParOldGen       total 176128K, used 71322K [0x0000000080000000, 0x000000008ac00000, 0x00000000d5580000)
  object space 176128K, 40% used [0x0000000080000000,0x00000000845a68c0,0x000000008ac00000)
 Metaspace       used 78301K, capacity 82556K, committed 82600K, reserved 1120256K
  class space    used 10606K, capacity 11394K, committed 11432K, reserved 1048576K
Event: 25.244 GC heap after
Heap after GC invocations=20 (full 3):
 PSYoungGen      total 505344K, used 22711K [0x00000000d5580000, 0x00000000f7400000, 0x0000000100000000)
  eden space 462336K, 0% used [0x00000000d5580000,0x00000000d5580000,0x00000000f1900000)
  from space 43008K, 52% used [0x00000000f1900000,0x00000000f2f2de80,0x00000000f4300000)
  to   space 40960K, 0% used [0x00000000f4300000,0x00000000f4300000,0x00000000f6b00000)
 ParOldGen       total 176128K, used 71330K [0x0000000080000000, 0x000000008ac00000, 0x00000000d5580000)
  object space 176128K, 40% used [0x0000000080000000,0x00000000845a88c0,0x000000008ac00000)
 Metaspace       used 78301K, capacity 82556K, committed 82600K, reserved 1120256K
  class space    used 10606K, capacity 11394K, committed 11432K, reserved 1048576K
}

