# JRE version: OpenJDK Runtime Environment (8.0_242-b01) (build 1.8.0_242-release-1644-b01)
# Java VM: OpenJDK 64-Bit Server VM (25.242-b01 mixed mode windows-amd64 compressed oops)
Heap:
 PSYoungGen      total 263680K, used 23398K [0x00000000d5580000, 0x00000000e9e80000, 0x0000000100000000)
  eden space 225280K, 8% used [0x00000000d5580000,0x00000000d673fe30,0x00000000e3180000)
  from space 38400K, 13% used [0x00000000e3180000,0x00000000e3699b68,0x00000000e5700000)
  to   space 35328K, 0% used [0x00000000e5700000,0x00000000e5700000,0x00000000e7980000)
 ParOldGen       total 293888K, used 90436K [0x0000000080000000, 0x0000000091f00000, 0x00000000d5580000)
  object space 293888K, 30% used [0x0000000080000000,0x0000000085851368,0x0000000091f00000)
 Metaspace       used 95891K, capacity 100320K, committed 101400K, reserved 1136640K
  class space    used 12784K, capacity 13653K, committed 13864K, reserved 1048576K
GC Heap History (10 events):
Event: 41.731 GC heap before
{Heap before GC invocations=17 (full 3):
 PSYoungGen      total 209408K, used 200994K [0x00000000d5580000, 0x00000000e4f00000, 0x0000000100000000)
  eden space 185344K, 100% used [0x00000000d5580000,0x00000000e0a80000,0x00000000e0a80000)
  from space 24064K, 65% used [0x00000000e0a80000,0x00000000e19c8be8,0x00000000e2200000)
  to   space 24064K, 0% used [0x00000000e3780000,0x00000000e3780000,0x00000000e4f00000)
 ParOldGen       total 185856K, used 50145K [0x0000000080000000, 0x000000008b580000, 0x00000000d5580000)
  object space 185856K, 26% used [0x0000000080000000,0x00000000830f8468,0x000000008b580000)
 Metaspace       used 80868K, capacity 84804K, committed 85144K, reserved 1122304K
  class space    used 10809K, capacity 11577K, committed 11688K, reserved 1048576K
Event: 41.746 GC heap after
Heap after GC invocations=17 (full 3):
 PSYoungGen      total 226304K, used 16904K [0x00000000d5580000, 0x00000000e4d00000, 0x0000000100000000)
  eden space 204288K, 0% used [0x00000000d5580000,0x00000000d5580000,0x00000000e1d00000)
  from space 22016K, 76% used [0x00000000e3780000,0x00000000e4802328,0x00000000e4d00000)
  to   space 24576K, 0% used [0x00000000e1d00000,0x00000000e1d00000,0x00000000e3500000)
 ParOldGen       total 185856K, used 50153K [0x0000000080000000, 0x000000008b580000, 0x00000000d5580000)
  object space 185856K, 26% used [0x0000000080000000,0x00000000830fa468,0x000000008b580000)
 Metaspace       used 80868K, capacity 84804K, committed 85144K, reserved 1122304K
  class space    used 10809K, capacity 11577K, committed 11688K, reserved 1048576K
}
Event: 44.556 GC heap before
{Heap before GC invocations=18 (full 3):
 PSYoungGen      total 226304K, used 221192K [0x00000000d5580000, 0x00000000e4d00000, 0x0000000100000000)
  eden space 204288K, 100% used [0x00000000d5580000,0x00000000e1d00000,0x00000000e1d00000)
  from space 22016K, 76% used [0x00000000e3780000,0x00000000e4802328,0x00000000e4d00000)
  to   space 24576K, 0% used [0x00000000e1d00000,0x00000000e1d00000,0x00000000e3500000)
 ParOldGen       total 185856K, used 50153K [0x0000000080000000, 0x000000008b580000, 0x00000000d5580000)
  object space 185856K, 26% used [0x0000000080000000,0x00000000830fa468,0x000000008b580000)
 Metaspace       used 91316K, capacity 96238K, committed 96408K, reserved 1132544K
  class space    used 12179K, capacity 13104K, committed 13224K, reserved 1048576K
Event: 44.612 GC heap after
Heap after GC invocations=18 (full 3):
 PSYoungGen      total 228864K, used 24571K [0x00000000d5580000, 0x00000000e7980000, 0x0000000100000000)
  eden space 204288K, 0% used [0x00000000d5580000,0x00000000d5580000,0x00000000e1d00000)
  from space 24576K, 99% used [0x00000000e1d00000,0x00000000e34fee08,0x00000000e3500000)
  to   space 35328K, 0% used [0x00000000e5700000,0x00000000e5700000,0x00000000e7980000)
 ParOldGen       total 185856K, used 70141K [0x0000000080000000, 0x000000008b580000, 0x00000000d5580000)
  object space 185856K, 37% used [0x0000000080000000,0x000000008447f420,0x000000008b580000)
 Metaspace       used 91316K, capacity 96238K, committed 96408K, reserved 1132544K
  class space    used 12179K, capacity 13104K, committed 13224K, reserved 1048576K
}
Event: 45.140 GC heap before
{Heap before GC invocations=19 (full 3):
 PSYoungGen      total 228864K, used 125099K [0x00000000d5580000, 0x00000000e7980000, 0x0000000100000000)
  eden space 204288K, 49% used [0x00000000d5580000,0x00000000db7abdf8,0x00000000e1d00000)
  from space 24576K, 99% used [0x00000000e1d00000,0x00000000e34fee08,0x00000000e3500000)
  to   space 35328K, 0% used [0x00000000e5700000,0x00000000e5700000,0x00000000e7980000)
 ParOldGen       total 185856K, used 70141K [0x0000000080000000, 0x000000008b580000, 0x00000000d5580000)
  object space 185856K, 37% used [0x0000000080000000,0x000000008447f420,0x000000008b580000)
 Metaspace       used 93388K, capacity 98476K, committed 98600K, reserved 1134592K
  class space    used 12531K, capacity 13459K, committed 13480K, reserved 1048576K
Event: 45.224 GC heap after
Heap after GC invocations=19 (full 3):
 PSYoungGen      total 260608K, used 29930K [0x00000000d5580000, 0x00000000e9e80000, 0x0000000100000000)
  eden space 225280K, 0% used [0x00000000d5580000,0x00000000d5580000,0x00000000e3180000)
  from space 35328K, 84% used [0x00000000e5700000,0x00000000e743aa18,0x00000000e7980000)
  to   space 38400K, 0% used [0x00000000e3180000,0x00000000e3180000,0x00000000e5700000)
 ParOldGen       total 185856K, used 81829K [0x0000000080000000, 0x000000008b580000, 0x00000000d5580000)
  object space 185856K, 44% used [0x0000000080000000,0x0000000084fe9588,0x000000008b580000)
 Metaspace       used 93388K, capacity 98476K, committed 98600K, reserved 1134592K
  class space    used 12531K, capacity 13459K, committed 13480K, reserved 1048576K
}
Event: 45.224 GC heap before
{Heap before GC invocations=20 (full 4):
 PSYoungGen      total 260608K, used 29930K [0x00000000d5580000, 0x00000000e9e80000, 0x0000000100000000)
  eden space 225280K, 0% used [0x00000000d5580000,0x00000000d5580000,0x00000000e3180000)
  from space 35328K, 84% used [0x00000000e5700000,0x00000000e743aa18,0x00000000e7980000)
  to   space 38400K, 0% used [0x00000000e3180000,0x00000000e3180000,0x00000000e5700000)
 ParOldGen       total 185856K, used 81829K [0x0000000080000000, 0x000000008b580000, 0x00000000d5580000)
  object space 185856K, 44% used [0x0000000080000000,0x0000000084fe9588,0x000000008b580000)
 Metaspace       used 93388K, capacity 98476K, committed 98600K, reserved 1134592K
  class space    used 12531K, capacity 13459K, committed 13480K, reserved 1048576K
Event: 45.783 GC heap after
Heap after GC invocations=20 (full 4):
 PSYoungGen      total 260608K, used 0K [0x00000000d5580000, 0x00000000e9e80000, 0x0000000100000000)
  eden space 225280K, 0% used [0x00000000d5580000,0x00000000d5580000,0x00000000e3180000)
  from space 35328K, 0% used [0x00000000e5700000,0x00000000e5700000,0x00000000e7980000)
  to   space 38400K, 0% used [0x00000000e3180000,0x00000000e3180000,0x00000000e5700000)
 ParOldGen       total 293888K, used 90436K [0x0000000080000000, 0x0000000091f00000, 0x00000000d5580000)
  object space 293888K, 30% used [0x0000000080000000,0x0000000085851368,0x0000000091f00000)
 Metaspace       used 92854K, capacity 96966K, committed 98600K, reserved 1134592K
  class space    used 12351K, capacity 13142K, committed 13480K, reserved 1048576K
}
Event: 47.810 GC heap before
{Heap before GC invocations=21 (full 4):
 PSYoungGen      total 260608K, used 225280K [0x00000000d5580000, 0x00000000e9e80000, 0x0000000100000000)
  eden space 225280K, 100% used [0x00000000d5580000,0x00000000e3180000,0x00000000e3180000)
  from space 35328K, 0% used [0x00000000e5700000,0x00000000e5700000,0x00000000e7980000)
  to   space 38400K, 0% used [0x00000000e3180000,0x00000000e3180000,0x00000000e5700000)
 ParOldGen       total 293888K, used 90436K [0x0000000080000000, 0x0000000091f00000, 0x00000000d5580000)
  object space 293888K, 30% used [0x0000000080000000,0x0000000085851368,0x0000000091f00000)
 Metaspace       used 95639K, capacity 100080K, committed 101144K, reserved 1136640K
  class space    used 12750K, capacity 13617K, committed 13864K, reserved 1048576K
Event: 47.843 GC heap after
Heap after GC invocations=21 (full 4):
 PSYoungGen      total 263680K, used 5222K [0x00000000d5580000, 0x00000000e9e80000, 0x0000000100000000)
  eden space 225280K, 0% used [0x00000000d5580000,0x00000000d5580000,0x00000000e3180000)
  from space 38400K, 13% used [0x00000000e3180000,0x00000000e3699b68,0x00000000e5700000)
  to   space 35328K, 0% used [0x00000000e5700000,0x00000000e5700000,0x00000000e7980000)
 ParOldGen       total 293888K, used 90436K [0x0000000080000000, 0x0000000091f00000, 0x00000000d5580000)
  object space 293888K, 30% used [0x0000000080000000,0x0000000085851368,0x0000000091f00000)
 Metaspace       used 95639K, capacity 100080K, committed 101144K, reserved 1136640K
  class space    used 12750K, capacity 13617K, committed 13864K, reserved 1048576K
}

