# JRE version: OpenJDK Runtime Environment (8.0_242-b01) (build 1.8.0_242-release-1644-b01)
# Java VM: OpenJDK 64-Bit Server VM (25.242-b01 mixed mode windows-amd64 compressed oops)
Heap:
 PSYoungGen      total 425984K, used 338024K [0x00000000d5580000, 0x00000000f2c80000, 0x0000000100000000)
  eden space 384000K, 80% used [0x00000000d5580000,0x00000000e84d9bd0,0x00000000ecc80000)
  from space 41984K, 65% used [0x00000000ef600000,0x00000000f10c04c0,0x00000000f1f00000)
  to   space 42496K, 0% used [0x00000000ecc80000,0x00000000ecc80000,0x00000000ef600000)
 ParOldGen       total 271360K, used 65468K [0x0000000080000000, 0x0000000090900000, 0x00000000d5580000)
  object space 271360K, 24% used [0x0000000080000000,0x0000000083fef0e8,0x0000000090900000)
 Metaspace       used 109440K, capacity 115598K, committed 115864K, reserved 1148928K
  class space    used 14159K, capacity 15372K, committed 15512K, reserved 1048576K
GC Heap History (10 events):
Event: 481.666 GC heap before
{Heap before GC invocations=24 (full 4):
 PSYoungGen      total 317952K, used 282112K [0x00000000d5580000, 0x00000000ebd80000, 0x0000000100000000)
  eden space 282112K, 100% used [0x00000000d5580000,0x00000000e6900000,0x00000000e6900000)
  from space 35840K, 0% used [0x00000000e6900000,0x00000000e6900000,0x00000000e8c00000)
  to   space 34304K, 0% used [0x00000000e9c00000,0x00000000e9c00000,0x00000000ebd80000)
 ParOldGen       total 271360K, used 63320K [0x0000000080000000, 0x0000000090900000, 0x00000000d5580000)
  object space 271360K, 23% used [0x0000000080000000,0x0000000083dd6068,0x0000000090900000)
 Metaspace       used 100637K, capacity 105244K, committed 105752K, reserved 1140736K
  class space    used 12906K, capacity 13909K, committed 14104K, reserved 1048576K
Event: 481.690 GC heap after
Heap after GC invocations=24 (full 4):
 PSYoungGen      total 333824K, used 21821K [0x00000000d5580000, 0x00000000ebf00000, 0x0000000100000000)
  eden space 299520K, 0% used [0x00000000d5580000,0x00000000d5580000,0x00000000e7a00000)
  from space 34304K, 63% used [0x00000000e9c00000,0x00000000eb14f4e0,0x00000000ebd80000)
  to   space 34816K, 0% used [0x00000000e7a00000,0x00000000e7a00000,0x00000000e9c00000)
 ParOldGen       total 271360K, used 63328K [0x0000000080000000, 0x0000000090900000, 0x00000000d5580000)
  object space 271360K, 23% used [0x0000000080000000,0x0000000083dd8068,0x0000000090900000)
 Metaspace       used 100637K, capacity 105244K, committed 105752K, reserved 1140736K
  class space    used 12906K, capacity 13909K, committed 14104K, reserved 1048576K
}
Event: 483.400 GC heap before
{Heap before GC invocations=25 (full 4):
 PSYoungGen      total 333824K, used 321341K [0x00000000d5580000, 0x00000000ebf00000, 0x0000000100000000)
  eden space 299520K, 100% used [0x00000000d5580000,0x00000000e7a00000,0x00000000e7a00000)
  from space 34304K, 63% used [0x00000000e9c00000,0x00000000eb14f4e0,0x00000000ebd80000)
  to   space 34816K, 0% used [0x00000000e7a00000,0x00000000e7a00000,0x00000000e9c00000)
 ParOldGen       total 271360K, used 63328K [0x0000000080000000, 0x0000000090900000, 0x00000000d5580000)
  object space 271360K, 23% used [0x0000000080000000,0x0000000083dd8068,0x0000000090900000)
 Metaspace       used 108339K, capacity 114192K, committed 114456K, reserved 1148928K
  class space    used 14100K, capacity 15299K, committed 15384K, reserved 1048576K
Event: 483.442 GC heap after
Heap after GC invocations=25 (full 4):
 PSYoungGen      total 334336K, used 34814K [0x00000000d5580000, 0x00000000ee980000, 0x0000000100000000)
  eden space 299520K, 0% used [0x00000000d5580000,0x00000000d5580000,0x00000000e7a00000)
  from space 34816K, 99% used [0x00000000e7a00000,0x00000000e9bff998,0x00000000e9c00000)
  to   space 40448K, 0% used [0x00000000ec200000,0x00000000ec200000,0x00000000ee980000)
 ParOldGen       total 271360K, used 65444K [0x0000000080000000, 0x0000000090900000, 0x00000000d5580000)
  object space 271360K, 24% used [0x0000000080000000,0x0000000083fe90e8,0x0000000090900000)
 Metaspace       used 108339K, capacity 114192K, committed 114456K, reserved 1148928K
  class space    used 14100K, capacity 15299K, committed 15384K, reserved 1048576K
}
Event: 484.852 GC heap before
{Heap before GC invocations=26 (full 4):
 PSYoungGen      total 334336K, used 334334K [0x00000000d5580000, 0x00000000ee980000, 0x0000000100000000)
  eden space 299520K, 100% used [0x00000000d5580000,0x00000000e7a00000,0x00000000e7a00000)
  from space 34816K, 99% used [0x00000000e7a00000,0x00000000e9bff998,0x00000000e9c00000)
  to   space 40448K, 0% used [0x00000000ec200000,0x00000000ec200000,0x00000000ee980000)
 ParOldGen       total 271360K, used 65444K [0x0000000080000000, 0x0000000090900000, 0x00000000d5580000)
  object space 271360K, 24% used [0x0000000080000000,0x0000000083fe90e8,0x0000000090900000)
 Metaspace       used 109004K, capacity 115142K, committed 115352K, reserved 1148928K
  class space    used 14146K, capacity 15368K, committed 15512K, reserved 1048576K
Event: 484.883 GC heap after
Heap after GC invocations=26 (full 4):
 PSYoungGen      total 372224K, used 27133K [0x00000000d5580000, 0x00000000ef200000, 0x0000000100000000)
  eden space 331776K, 0% used [0x00000000d5580000,0x00000000d5580000,0x00000000e9980000)
  from space 40448K, 67% used [0x00000000ec200000,0x00000000edc7f548,0x00000000ee980000)
  to   space 41472K, 0% used [0x00000000e9980000,0x00000000e9980000,0x00000000ec200000)
 ParOldGen       total 271360K, used 65452K [0x0000000080000000, 0x0000000090900000, 0x00000000d5580000)
  object space 271360K, 24% used [0x0000000080000000,0x0000000083feb0e8,0x0000000090900000)
 Metaspace       used 109004K, capacity 115142K, committed 115352K, reserved 1148928K
  class space    used 14146K, capacity 15368K, committed 15512K, reserved 1048576K
}
Event: 485.796 GC heap before
{Heap before GC invocations=27 (full 4):
 PSYoungGen      total 372224K, used 358909K [0x00000000d5580000, 0x00000000ef200000, 0x0000000100000000)
  eden space 331776K, 100% used [0x00000000d5580000,0x00000000e9980000,0x00000000e9980000)
  from space 40448K, 67% used [0x00000000ec200000,0x00000000edc7f548,0x00000000ee980000)
  to   space 41472K, 0% used [0x00000000e9980000,0x00000000e9980000,0x00000000ec200000)
 ParOldGen       total 271360K, used 65452K [0x0000000080000000, 0x0000000090900000, 0x00000000d5580000)
  object space 271360K, 24% used [0x0000000080000000,0x0000000083feb0e8,0x0000000090900000)
 Metaspace       used 109334K, capacity 115498K, committed 115864K, reserved 1148928K
  class space    used 14147K, capacity 15368K, committed 15512K, reserved 1048576K
Event: 485.823 GC heap after
Heap after GC invocations=27 (full 4):
 PSYoungGen      total 373248K, used 26761K [0x00000000d5580000, 0x00000000f1f00000, 0x0000000100000000)
  eden space 331776K, 0% used [0x00000000d5580000,0x00000000d5580000,0x00000000e9980000)
  from space 41472K, 64% used [0x00000000e9980000,0x00000000eb3a24f8,0x00000000ec200000)
  to   space 41984K, 0% used [0x00000000ef600000,0x00000000ef600000,0x00000000f1f00000)
 ParOldGen       total 271360K, used 65460K [0x0000000080000000, 0x0000000090900000, 0x00000000d5580000)
  object space 271360K, 24% used [0x0000000080000000,0x0000000083fed0e8,0x0000000090900000)
 Metaspace       used 109334K, capacity 115498K, committed 115864K, reserved 1148928K
  class space    used 14147K, capacity 15368K, committed 15512K, reserved 1048576K
}
Event: 486.670 GC heap before
{Heap before GC invocations=28 (full 4):
 PSYoungGen      total 373248K, used 358537K [0x00000000d5580000, 0x00000000f1f00000, 0x0000000100000000)
  eden space 331776K, 100% used [0x00000000d5580000,0x00000000e9980000,0x00000000e9980000)
  from space 41472K, 64% used [0x00000000e9980000,0x00000000eb3a24f8,0x00000000ec200000)
  to   space 41984K, 0% used [0x00000000ef600000,0x00000000ef600000,0x00000000f1f00000)
 ParOldGen       total 271360K, used 65460K [0x0000000080000000, 0x0000000090900000, 0x00000000d5580000)
  object space 271360K, 24% used [0x0000000080000000,0x0000000083fed0e8,0x0000000090900000)
 Metaspace       used 109394K, capacity 115582K, committed 115864K, reserved 1148928K
  class space    used 14151K, capacity 15370K, committed 15512K, reserved 1048576K
Event: 486.712 GC heap after
Heap after GC invocations=28 (full 4):
 PSYoungGen      total 425984K, used 27393K [0x00000000d5580000, 0x00000000f2c80000, 0x0000000100000000)
  eden space 384000K, 0% used [0x00000000d5580000,0x00000000d5580000,0x00000000ecc80000)
  from space 41984K, 65% used [0x00000000ef600000,0x00000000f10c04c0,0x00000000f1f00000)
  to   space 42496K, 0% used [0x00000000ecc80000,0x00000000ecc80000,0x00000000ef600000)
 ParOldGen       total 271360K, used 65468K [0x0000000080000000, 0x0000000090900000, 0x00000000d5580000)
  object space 271360K, 24% used [0x0000000080000000,0x0000000083fef0e8,0x0000000090900000)
 Metaspace       used 109394K, capacity 115582K, committed 115864K, reserved 1148928K
  class space    used 14151K, capacity 15370K, committed 15512K, reserved 1048576K
}

